2020-06-28 08:11:05,448:detect_added_files:INFO:New File detected : testfile1.txt
2020-06-28 08:11:05,449:watch_directory:DEBUG:defaultdict(<class 'list'>, {'testfile1.txt': 0})
2020-06-28 08:11:05,449:detect_removed_files:DEBUG:Inside removed files
2020-06-28 08:11:05,449:detect_removed_files:DEBUG:dict_keys(['testfile1.txt'])
2020-06-28 08:11:05,449:detect_removed_files:DEBUG:inside for loop testfile1.txt
2020-06-28 08:11:05,449:detect_removed_files:DEBUG:After if statement inside for loop
2020-06-28 08:11:05,449:detect_removed_files:DEBUG:defaultdict(<class 'list'>, {'testfile1.txt': 0})
2020-06-28 08:11:05,449:read_file:INFO:Magic text found in file testfile1.txt at line number 1
2020-06-28 08:11:05,449:read_file:INFO:Magic text found in file testfile1.txt at line number 5
2020-06-28 08:11:05,449:read_file:INFO:Magic text found in file testfile1.txt at line number 6
2020-06-28 08:11:25,470:watch_directory:DEBUG:defaultdict(<class 'list'>, {'testfile1.txt': 7})
2020-06-28 08:11:25,470:detect_removed_files:DEBUG:Inside removed files
2020-06-28 08:11:25,470:detect_removed_files:DEBUG:dict_keys(['testfile1.txt'])
2020-06-28 08:11:25,471:detect_removed_files:DEBUG:inside for loop testfile1.txt
2020-06-28 08:11:25,471:detect_removed_files:DEBUG:After if statement inside for loop
2020-06-28 08:11:25,471:detect_removed_files:DEBUG:defaultdict(<class 'list'>, {'testfile1.txt': 7})
2020-06-28 08:11:45,489:watch_directory:DEBUG:defaultdict(<class 'list'>, {'testfile1.txt': 7})
2020-06-28 08:11:45,490:detect_removed_files:DEBUG:Inside removed files
2020-06-28 08:11:45,490:detect_removed_files:DEBUG:dict_keys(['testfile1.txt'])
2020-06-28 08:11:45,490:detect_removed_files:DEBUG:inside for loop testfile1.txt
2020-06-28 08:11:45,490:detect_removed_files:DEBUG:After if statement inside for loop
2020-06-28 08:11:45,490:detect_removed_files:DEBUG:defaultdict(<class 'list'>, {'testfile1.txt': 7})
2020-06-28 08:12:05,511:watch_directory:DEBUG:defaultdict(<class 'list'>, {'testfile1.txt': 7})
2020-06-28 08:12:05,511:detect_removed_files:DEBUG:Inside removed files
2020-06-28 08:12:05,511:detect_removed_files:DEBUG:dict_keys(['testfile1.txt'])
2020-06-28 08:12:05,511:detect_removed_files:DEBUG:inside for loop testfile1.txt
2020-06-28 08:12:05,511:detect_removed_files:DEBUG:After if statement inside for loop
2020-06-28 08:12:05,512:detect_removed_files:DEBUG:defaultdict(<class 'list'>, {'testfile1.txt': 7})
2020-06-28 08:12:25,529:watch_directory:DEBUG:defaultdict(<class 'list'>, {'testfile1.txt': 7})
2020-06-28 08:12:25,530:detect_removed_files:DEBUG:Inside removed files
2020-06-28 08:12:25,530:detect_removed_files:DEBUG:dict_keys(['testfile1.txt'])
2020-06-28 08:12:25,530:detect_removed_files:DEBUG:inside for loop testfile1.txt
2020-06-28 08:12:25,530:detect_removed_files:DEBUG:After if statement inside for loop
2020-06-28 08:12:25,530:detect_removed_files:DEBUG:defaultdict(<class 'list'>, {'testfile1.txt': 7})
2020-06-28 08:12:45,545:watch_directory:DEBUG:defaultdict(<class 'list'>, {'testfile1.txt': 7})
2020-06-28 08:12:45,545:detect_removed_files:DEBUG:Inside removed files
2020-06-28 08:12:45,546:detect_removed_files:DEBUG:dict_keys(['testfile1.txt'])
2020-06-28 08:12:45,546:detect_removed_files:DEBUG:inside for loop testfile1.txt
2020-06-28 08:12:45,546:detect_removed_files:DEBUG:After if statement inside for loop
2020-06-28 08:12:45,546:detect_removed_files:DEBUG:defaultdict(<class 'list'>, {'testfile1.txt': 7})
2020-06-28 08:12:45,547:read_file:INFO:Magic text found in file testfile1.txt at line number 8
2020-06-28 08:13:05,565:watch_directory:DEBUG:defaultdict(<class 'list'>, {'testfile1.txt': 9})
2020-06-28 08:13:05,566:detect_removed_files:DEBUG:Inside removed files
2020-06-28 08:13:05,566:detect_removed_files:DEBUG:dict_keys(['testfile1.txt'])
2020-06-28 08:13:05,566:detect_removed_files:DEBUG:inside for loop testfile1.txt
2020-06-28 08:13:05,566:detect_removed_files:DEBUG:After if statement inside for loop
2020-06-28 08:13:05,566:detect_removed_files:DEBUG:defaultdict(<class 'list'>, {'testfile1.txt': 9})
2020-06-28 08:13:25,586:watch_directory:DEBUG:defaultdict(<class 'list'>, {'testfile1.txt': 9})
2020-06-28 08:13:25,586:detect_removed_files:DEBUG:Inside removed files
2020-06-28 08:13:25,586:detect_removed_files:DEBUG:dict_keys(['testfile1.txt'])
2020-06-28 08:13:25,586:detect_removed_files:DEBUG:inside for loop testfile1.txt
2020-06-28 08:13:25,586:detect_removed_files:DEBUG:After if statement inside for loop
2020-06-28 08:13:25,587:detect_removed_files:DEBUG:defaultdict(<class 'list'>, {'testfile1.txt': 9})
2020-06-28 08:13:45,607:watch_directory:DEBUG:defaultdict(<class 'list'>, {'testfile1.txt': 9})
2020-06-28 08:13:45,608:detect_removed_files:DEBUG:Inside removed files
2020-06-28 08:13:45,608:detect_removed_files:DEBUG:dict_keys(['testfile1.txt'])
2020-06-28 08:13:45,608:detect_removed_files:DEBUG:inside for loop testfile1.txt
2020-06-28 08:13:45,608:detect_removed_files:DEBUG:After if statement inside for loop
2020-06-28 08:13:45,608:detect_removed_files:DEBUG:defaultdict(<class 'list'>, {'testfile1.txt': 9})
2020-06-28 08:14:02,336:signal_handler:WARNING:Received SIGINT
